<?xml version="1.0" encoding="UTF-8"?>
<testsuite name="FtuxAndBasicCaptureTest" time="168.077" tests="3" errors="0" skipped="0" failures="0">
  <properties>
    <property name="java.runtime.name" value="Java(TM) SE Runtime Environment"/>
    <property name="sun.boot.library.path" value="C:\Program Files\Java\jdk180_11\jre\bin"/>
    <property name="java.vm.version" value="25.11-b03"/>
    <property name="java.vm.vendor" value="Oracle Corporation"/>
    <property name="java.vendor.url" value="http://java.oracle.com/"/>
    <property name="path.separator" value=";"/>
    <property name="guice.disable.misplaced.annotation.check" value="true"/>
    <property name="java.vm.name" value="Java HotSpot(TM) 64-Bit Server VM"/>
    <property name="file.encoding.pkg" value="sun.io"/>
    <property name="user.script" value=""/>
    <property name="user.country" value="US"/>
    <property name="sun.java.launcher" value="SUN_STANDARD"/>
    <property name="sun.os.patch.level" value="Service Pack 1"/>
    <property name="test" value="FtuxAndBasicCaptureTest"/>
    <property name="java.vm.specification.name" value="Java Virtual Machine Specification"/>
    <property name="user.dir" value="C:\Appium3\cam23_UI_tests_BB"/>
    <property name="java.runtime.version" value="1.8.0_11-b12"/>
    <property name="java.awt.graphicsenv" value="sun.awt.Win32GraphicsEnvironment"/>
    <property name="java.endorsed.dirs" value="C:\Program Files\Java\jdk180_11\jre\lib\endorsed"/>
    <property name="os.arch" value="amd64"/>
    <property name="java.io.tmpdir" value="C:\Users\trieutdx\AppData\Local\Temp\"/>
    <property name="line.separator" value="&#10;"/>
    <property name="java.vm.specification.vendor" value="Oracle Corporation"/>
    <property name="user.variant" value=""/>
    <property name="os.name" value="Windows 7"/>
    <property name="classworlds.conf" value="C:\Apach_Maven\apache-maven-3.1.1\bin\m2.conf"/>
    <property name="sun.jnu.encoding" value="Cp1252"/>
    <property name="java.library.path" value="C:\Program Files\Java\jdk180_11\bin;C:\Windows\Sun\Java\bin;C:\Windows\system32;C:\Windows;C:\DevKit\bin;C:\DevKit\mingw\bin;C:\Ruby22\bin;C:\Program Files (x86)\Common Files\Intel\OpenCL\bin\x64;C:\Program Files (x86)\Common Files\Intel\OpenCL\bin\x86;;C:\Perl64\site\bin;C:\Perl64\bin;C:\Program Files\Java\jdk180_11\bin;C:\Program Files\nodejs;C:\WinPython64_2793;C:\WinPython64_2793\python2793;C:\WinPython64_2793\python2793\Scripts;C:\Python27\Lib\site-packages\SimpleCV;;%MShared%\Windows Live;C:\Windows\SYSTEM32;C:\Windows;C:\Windows\SYSTEM32\WBEM;C:\Windows\SYSTEM32\WINDOWSPOWERSHELL\V1.0\;C:\PROGRA~2\F-SECURE\SSH;C:\Program Files\Common Files\Intel\INTEL\WIRELESSCOMMON\;C:\Program Files (x86)\Windows Live\Shared;C:\Program Files (x86)\Git\cmd;C:\Program Files\cURL\bin;C:\Program Files\nodejs;C:\Program Files\Microsoft\Web Platform Installer\;C:\Program Files (x86)\Microsoft ASP.NET\ASP.NET Web Pages\v1.0\;C:\Program Files (x86)\Windows Kits\8.0\Windows Performance Toolkit\;C:\Program Files\Microsoft SQL Server\110\Tools\Bin;C:\Program Files\Intel\WiFi\bin;C:\Program Files\Common Files\Intel\WirelessCommon;C:\Program Files (x86)\Intel\Phone Flash Tool;C:\Windows\System32\WindowsPowerShell\v1.0\;C:\Program Files (x86)\Intel\Phone Flash Tool;C:\DevKit\bin;C:\DevKit\mingw\bin;C:\Ruby22\bin;C:\Users\trieutdx\AppData\Roaming\Local\atom\bin;C:\WinPython64_2793;C:\WinPython64_2793\python2793;C:\WinPython64_2793\python2793\Scripts;C:\Python27\Lib\site-packages\SimpleCV;;C:\Program Files\nodejs;C:\Program Files\cURL\bin;C:\Ruby22\bin\bin;C:\Ant\apache-ant-1.9.3\bin;C:\Apach_Maven\apache-maven-3.1.1\bin;C:\Androidness\AndroidSDK\adt_x86_64\platform-tools;C:\Androidness\AndroidSDK\adt_x86_64\tools;C:\Program Files\Java\jdk180_11\bin;C:\Program Files\Intel\WiFi\bin;C:\Program Files\Common Files\Intel\WirelessCommon;C:\Users\trieutdx\AppData\Roaming\Roaming\npm;C:\Users\trieutdx\AppData\Local\atom\bin;C:\Users\trieutdx\AppData\Roaming\npm;."/>
    <property name="java.specification.name" value="Java Platform API Specification"/>
    <property name="java.class.version" value="52.0"/>
    <property name="java.net.preferIPv4Stack" value="true"/>
    <property name="sun.management.compiler" value="HotSpot 64-Bit Tiered Compilers"/>
    <property name="os.version" value="6.1"/>
    <property name="user.home" value="C:\Users\trieutdx"/>
    <property name="user.timezone" value="America/Los_Angeles"/>
    <property name="java.awt.printerjob" value="sun.awt.windows.WPrinterJob"/>
    <property name="java.specification.version" value="1.8"/>
    <property name="file.encoding" value="Cp1252"/>
    <property name="user.name" value="trieutd"/>
    <property name="java.class.path" value="C:\Apach_Maven\apache-maven-3.1.1\boot\plexus-classworlds-2.5.1.jar"/>
    <property name="org.slf4j.simpleLogger.defaultLogLevel" value="info"/>
    <property name="java.vm.specification.version" value="1.8"/>
    <property name="sun.arch.data.model" value="64"/>
    <property name="java.home" value="C:\Program Files\Java\jdk180_11\jre"/>
    <property name="sun.java.command" value="org.codehaus.plexus.classworlds.launcher.Launcher -Dtest=FtuxAndBasicCaptureTest clean test"/>
    <property name="java.specification.vendor" value="Oracle Corporation"/>
    <property name="user.language" value="en"/>
    <property name="awt.toolkit" value="sun.awt.windows.WToolkit"/>
    <property name="java.vm.info" value="mixed mode"/>
    <property name="java.version" value="1.8.0_11"/>
    <property name="java.ext.dirs" value="C:\Program Files\Java\jdk180_11\jre\lib\ext;C:\Windows\Sun\Java\lib\ext"/>
    <property name="sun.boot.class.path" value="C:\Program Files\Java\jdk180_11\jre\lib\resources.jar;C:\Program Files\Java\jdk180_11\jre\lib\rt.jar;C:\Program Files\Java\jdk180_11\jre\lib\sunrsasign.jar;C:\Program Files\Java\jdk180_11\jre\lib\jsse.jar;C:\Program Files\Java\jdk180_11\jre\lib\jce.jar;C:\Program Files\Java\jdk180_11\jre\lib\charsets.jar;C:\Program Files\Java\jdk180_11\jre\lib\jfr.jar;C:\Program Files\Java\jdk180_11\jre\classes"/>
    <property name="sun.stderr.encoding" value="cp437"/>
    <property name="java.vendor" value="Oracle Corporation"/>
    <property name="maven.home" value="C:\Apach_Maven\apache-maven-3.1.1"/>
    <property name="file.separator" value="\"/>
    <property name="java.vendor.url.bug" value="http://bugreport.sun.com/bugreport/"/>
    <property name="sun.cpu.endian" value="little"/>
    <property name="sun.io.unicode.encoding" value="UnicodeLittle"/>
    <property name="sun.stdout.encoding" value="cp437"/>
    <property name="sun.desktop" value="windows"/>
    <property name="sun.cpu.isalist" value="amd64"/>
  </properties>
  <testcase name="testCaptureSingleShotXTimes" classname="FtuxAndBasicCaptureTest" time="95.016"/>
  <testcase name="testFirstTimeUX" classname="FtuxAndBasicCaptureTest" time="21.004"/>
  <testcase name="testCaptureDepthXTimes" classname="FtuxAndBasicCaptureTest" time="52.057"/>
</testsuite>